Sender: LSF System <phpcadmin@gpu51>
Subject: Job 120726: <homework4> in cluster <phpc_cluster> Done

Job <homework4> was submitted from host <elgato-login.hpc.arizona.edu> by user <dcareymtn> in cluster <phpc_cluster>.
Job was executed on host(s) <4*gpu51>, in queue <windfall>, as user <dcareymtn> in cluster <phpc_cluster>.
</home/u18/dcareymtn> was used as the home directory.
</home/u18/dcareymtn/workspace/distributed_computing> was used as the working directory.
Started at Thu Nov  8 21:47:11 2018
Results reported at Thu Nov  8 21:47:14 2018

Your job looked like:

------------------------------------------------------------
# LSBATCH: User input
#!/bin/bash
#BSUB -n 4 # number of cores that we are requesting
#BSUB -o scripts/lsf.out # regular output file
#BSUB -e scripts/lsf.err # stdeerr output file
#BSUB -q "windfall" # out group -- don't change
#BSUB -J homework4 # job name
#BSUB -R gpu

rm ~/workspace/distributed_computing/scripts/lsf*
module load cuda
module load openmpi 
time ~/workspace/distributed_computing/build/bin/homework4

###end of script

------------------------------------------------------------

Successfully completed.

Resource usage summary:

    CPU time :               0.34 sec.
    Max Memory :             1 MB
    Average Memory :         1.00 MB
    Total Requested Memory : -
    Delta Memory :           -
    (Delta: the difference between total requested memory and actual max usage.)
    Max Swap :               47 MB

    Max Processes :          1
    Max Threads :            1

The output (if any) follows:

CUDA Initialization Took: 0.213057
   0 |    1 |    2 |    3 |    4 |    5 |    6 |    7 |    8 |    9 |   10 | 
-340766937 |  1258433357 |  -1457621645 |  1958039142 |  -1403350659 |  632753326 |  644744631 |  -926514912 |  -501755827 |  2068906164 |  -1835872757 |  
Compute Time: 0.00130848959088325500
Compute Time: 0.00006046146154403687
 ------------- Part 2 ------------------
nrows = 4
ncols = 4
  5.0   4.0   3.0   4.0 
  4.0   0.0   3.0   5.0 
  4.0   0.0   4.0   0.0 
  1.0   4.0   2.0   0.0 

Num Cols = 4
Compute Time: 0.00000484287738800049
nrows = 4
ncols = 4
 57.0  75.0  75.0   0.0 
 73.0 107.0 107.0   0.0 
 49.0  78.0  78.0   0.0 
 49.0  78.0  78.0   0.0 



PS:

Read file <scripts/lsf.err> for stderr output of this job.

